2021-07-21 12:12:30 TRACE Menu:27 - Start BankApp. start()
2021-07-21 12:12:30 TRACE Menu:89 - called startMenu()
2021-07-21 12:12:40 TRACE Menu:96 - Start menu returning selection: 2
2021-07-21 12:13:00 DEBUG UserService:59 - 2005-07-21
2021-07-21 12:13:00 DEBUG UserService:61 - 2005-07-22
2021-07-21 12:13:00 TRACE Menu:89 - called startMenu()
2021-07-21 12:13:04 TRACE Menu:96 - Start menu returning selection: 1
2021-07-21 12:13:10 DEBUG Menu:34 - Nik
2021-07-21 12:13:10 INFO  Menu:44 - Successful login for user: User [id=4, username=Nik, email=nik@email.com, birthday=2000-01-01, type=MEMBER, currency=1000, lastCheckIn=2021-01-01]
2021-07-21 12:13:10 TRACE Menu:101 - called member()
2021-07-21 12:29:26 TRACE Menu:27 - Start BankApp. start()
2021-07-21 12:29:26 TRACE Menu:89 - called startMenu()
2021-07-21 12:29:33 TRACE Menu:96 - Start menu returning selection: 1
2021-07-21 12:29:36 DEBUG Menu:34 - Nik
2021-07-21 12:29:36 INFO  Menu:44 - Successful login for user: User [id=4, username=Nik, email=nik@email.com, birthday=2000-01-01, type=MEMBER, currency=1000, lastCheckIn=2021-01-01]
2021-07-21 12:29:36 TRACE Menu:101 - called member()
2021-07-21 12:30:10 TRACE Menu:89 - called startMenu()
2021-07-21 13:14:53 TRACE Menu:27 - Start BankApp. start()
2021-07-21 13:14:53 TRACE Menu:89 - called startMenu()
2021-07-21 13:15:01 TRACE Menu:96 - Start menu returning selection: 2
2021-07-21 13:15:24 DEBUG UserService:59 - 2005-07-21
2021-07-21 13:15:24 DEBUG UserService:61 - 2005-07-22
2021-07-21 13:15:25 TRACE Menu:89 - called startMenu()
2021-07-21 13:15:50 TRACE Menu:96 - Start menu returning selection: 1
2021-07-21 13:15:53 DEBUG Menu:34 - Kin
2021-07-21 13:15:53 INFO  Menu:44 - Successful login for user: User [id=5, username=Kin, email=Kin@email.com, birthday=2000-01-01, type=MEMBER, currency=1000, lastCheckIn=2021-01-01]
2021-07-21 13:15:53 TRACE Menu:101 - called member()
2021-07-21 14:24:27 TRACE Menu:96 - Start menu returning selection: -1
2021-07-21 14:24:27 TRACE Menu:89 - called startMenu()
2021-07-21 14:24:27 TRACE Menu:96 - Start menu returning selection: -1
2021-07-21 14:24:27 TRACE Menu:89 - called startMenu()
2021-07-21 14:24:27 TRACE Menu:96 - Start menu returning selection: -1
2021-07-21 14:24:27 TRACE Menu:89 - called startMenu()
2021-07-21 14:24:27 TRACE Menu:96 - Start menu returning selection: -1
2021-07-21 14:24:27 TRACE Menu:89 - called startMenu()
2021-07-21 14:24:27 TRACE Menu:96 - Start menu returning selection: -1
2021-07-21 14:24:27 TRACE Menu:89 - called startMenu()
2021-07-21 14:24:27 TRACE Menu:96 - Start menu returning selection: -1
2021-07-21 14:24:27 TRACE Menu:89 - called startMenu()
2021-07-21 14:24:27 TRACE Menu:96 - Start menu returning selection: -1
2021-07-21 14:24:27 TRACE Menu:89 - called startMenu()
2021-07-21 14:24:27 TRACE Menu:96 - Start menu returning selection: -1
2021-07-21 14:24:27 TRACE Menu:89 - called startMenu()
2021-07-21 14:24:27 TRACE Menu:96 - Start menu returning selection: -1
2021-07-21 14:24:27 TRACE Menu:89 - called startMenu()
2021-07-21 14:24:27 TRACE Menu:96 - Start menu returning selection: -1
2021-07-21 14:24:27 TRACE Menu:89 - called startMenu()
2021-07-21 14:24:27 TRACE Menu:96 - Start menu returning selection: -1
2021-07-21 14:24:27 TRACE Menu:89 - called startMenu()
2021-07-21 14:24:27 TRACE Menu:96 - Start menu returning selection: -1
2021-07-21 14:24:27 TRACE Menu:89 - called startMenu()
2021-07-21 14:24:27 TRACE Menu:96 - Start menu returning selection: -1
2021-07-21 14:24:27 TRACE Menu:89 - called startMenu()
2021-07-21 14:24:27 TRACE Menu:96 - Start menu returning selection: -1
2021-07-21 14:24:27 TRACE Menu:89 - called startMenu()
2021-07-21 14:24:27 TRACE Menu:96 - Start menu returning selection: -1
2021-07-21 14:24:27 TRACE Menu:89 - called startMenu()
2021-07-21 14:24:27 TRACE Menu:96 - Start menu returning selection: -1
2021-07-21 14:24:27 TRACE Menu:89 - called startMenu()
2021-07-21 14:24:27 TRACE Menu:96 - Start menu returning selection: -1
2021-07-21 14:24:27 TRACE Menu:89 - called startMenu()
2021-07-21 14:24:27 TRACE Menu:96 - Start menu returning selection: -1
2021-07-21 14:24:27 TRACE Menu:89 - called startMenu()
2021-07-21 14:24:27 TRACE Menu:96 - Start menu returning selection: -1
2021-07-21 14:24:27 TRACE Menu:89 - called startMenu()
2021-07-21 14:24:27 TRACE Menu:96 - Start menu returning selection: -1
2021-07-21 14:24:27 TRACE Menu:89 - called startMenu()
2021-07-21 14:24:27 TRACE Menu:96 - Start menu returning selection: -1
2021-07-21 14:24:27 TRACE Menu:89 - called startMenu()
2021-07-21 14:24:27 TRACE Menu:96 - Start menu returning selection: -1
2021-07-21 14:24:27 TRACE Menu:89 - called startMenu()
2021-07-21 14:24:27 TRACE Menu:96 - Start menu returning selection: -1
2021-07-21 14:24:27 TRACE Menu:89 - called startMenu()
2021-07-21 14:24:27 TRACE Menu:96 - Start menu returning selection: -1
2021-07-21 14:24:27 TRACE Menu:89 - called startMenu()
2021-07-21 14:24:27 TRACE Menu:96 - Start menu returning selection: -1
2021-07-21 14:24:27 TRACE Menu:89 - called startMenu()
2021-07-21 14:24:27 TRACE Menu:96 - Start menu returning selection: -1
2021-07-21 14:24:27 TRACE Menu:89 - called startMenu()
2021-07-21 14:24:27 TRACE Menu:96 - Start menu returning selection: -1
2021-07-21 14:24:27 TRACE Menu:89 - called startMenu()
2021-07-21 14:24:27 TRACE Menu:96 - Start menu returning selection: -1
2021-07-21 14:24:27 TRACE Menu:89 - called startMenu()
2021-07-21 14:24:27 TRACE Menu:96 - Start menu returning selection: -1
2021-07-21 14:24:27 TRACE Menu:89 - called startMenu()
2021-07-21 14:24:27 TRACE Menu:96 - Start menu returning selection: -1
2021-07-21 14:24:27 TRACE Menu:89 - called startMenu()
2021-07-21 14:24:27 TRACE Menu:96 - Start menu returning selection: -1
2021-07-21 14:24:27 TRACE Menu:89 - called startMenu()
2021-07-21 14:24:27 TRACE Menu:96 - Start menu returning selection: -1
2021-07-21 14:24:27 TRACE Menu:89 - called startMenu()
2021-07-21 14:24:27 TRACE Menu:96 - Start menu returning selection: -1
2021-07-21 14:24:27 TRACE Menu:89 - called startMenu()
2021-07-21 14:24:27 TRACE Menu:96 - Start menu returning selection: -1
2021-07-21 14:24:27 TRACE Menu:89 - called startMenu()
2021-07-21 14:24:27 TRACE Menu:96 - Start menu returning selection: -1
2021-07-21 14:24:27 TRACE Menu:89 - called startMenu()
2021-07-21 14:24:27 TRACE Menu:96 - Start menu returning selection: -1
2021-07-21 14:24:27 TRACE Menu:89 - called startMenu()
2021-07-21 14:24:27 TRACE Menu:96 - Start menu returning selection: -1
2021-07-21 14:24:27 TRACE Menu:89 - called startMenu()
2021-07-21 14:24:28 TRACE Menu:96 - Start menu returning selection: -1
2021-07-21 14:24:28 TRACE Menu:89 - called startMenu()
2021-07-21 14:24:28 TRACE Menu:96 - Start menu returning selection: -1
2021-07-21 14:24:28 TRACE Menu:89 - called startMenu()
2021-07-21 14:24:28 TRACE Menu:96 - Start menu returning selection: -1
2021-07-21 14:24:28 TRACE Menu:89 - called startMenu()
2021-07-21 14:24:28 TRACE Menu:96 - Start menu returning selection: -1
2021-07-26 01:32:31 TRACE Menu:28 - Start BankApp. start()
2021-07-26 01:32:31 TRACE Menu:98 - called startMenu()
2021-07-26 01:32:41 TRACE Menu:105 - Start menu returning selection: 2
2021-07-26 01:33:06 TRACE Menu:98 - called startMenu()
2021-07-26 01:33:10 TRACE Menu:105 - Start menu returning selection: 1
2021-07-26 01:33:14 DEBUG Menu:35 - mike
2021-07-26 01:33:14 WARN  Menu:39 - Unsuccessful login attempt: mike
2021-07-26 01:33:14 TRACE Menu:98 - called startMenu()
2021-07-26 01:33:38 TRACE Menu:105 - Start menu returning selection: 1
2021-07-26 01:33:44 DEBUG Menu:35 - mike
2021-07-26 01:33:44 WARN  Menu:39 - Unsuccessful login attempt: mike
2021-07-26 01:33:44 TRACE Menu:98 - called startMenu()
2021-07-26 01:33:47 TRACE Menu:105 - Start menu returning selection: 2
2021-07-26 01:34:09 TRACE Menu:98 - called startMenu()
2021-07-26 01:34:16 TRACE Menu:105 - Start menu returning selection: 1
2021-07-26 01:34:18 DEBUG Menu:35 - mike
2021-07-26 01:34:18 WARN  Menu:39 - Unsuccessful login attempt: mike
2021-07-26 01:34:18 TRACE Menu:98 - called startMenu()
2021-07-26 01:43:19 TRACE Menu:28 - Start BankApp. start()
2021-07-26 01:43:19 TRACE Menu:100 - called startMenu()
2021-07-26 01:43:44 TRACE Menu:107 - Start menu returning selection: 2
2021-07-26 01:44:04 TRACE Menu:100 - called startMenu()
2021-07-26 01:44:07 TRACE Menu:107 - Start menu returning selection: 1
2021-07-26 01:44:09 DEBUG Menu:35 - mike
2021-07-26 01:44:16 DEBUG Menu:45 - password
2021-07-26 01:44:16 TRACE Menu:133 - called member()
2021-07-26 01:45:23 TRACE Menu:146 - Deposited 0 to balance
2021-07-26 01:45:40 TRACE Menu:146 - Deposited 200 to balance
2021-07-26 01:46:02 TRACE Menu:157 - Withdrew 50 from balance
2021-07-26 01:46:06 TRACE Menu:100 - called startMenu()
2021-07-27 21:43:18 ERROR BeanFactory:37 - Method threw exception: java.lang.reflect.InvocationTargetException
2021-07-27 21:43:18 WARN  BeanFactory:39 - sun.reflect.NativeConstructorAccessorImpl.newInstance0(Native Method)
2021-07-27 21:43:18 WARN  BeanFactory:39 - sun.reflect.NativeConstructorAccessorImpl.newInstance(NativeConstructorAccessorImpl.java:62)
2021-07-27 21:43:18 WARN  BeanFactory:39 - sun.reflect.DelegatingConstructorAccessorImpl.newInstance(DelegatingConstructorAccessorImpl.java:45)
2021-07-27 21:43:18 WARN  BeanFactory:39 - java.lang.reflect.Constructor.newInstance(Constructor.java:423)
2021-07-27 21:43:18 WARN  BeanFactory:39 - com.revature.factory.BeanFactory.get(BeanFactory.java:34)
2021-07-27 21:43:18 WARN  BeanFactory:39 - com.revature.controllers.UserControllerImpl.<init>(UserControllerImpl.java:19)
2021-07-27 21:43:18 WARN  BeanFactory:39 - sun.reflect.NativeConstructorAccessorImpl.newInstance0(Native Method)
2021-07-27 21:43:18 WARN  BeanFactory:39 - sun.reflect.NativeConstructorAccessorImpl.newInstance(NativeConstructorAccessorImpl.java:62)
2021-07-27 21:43:18 WARN  BeanFactory:39 - sun.reflect.DelegatingConstructorAccessorImpl.newInstance(DelegatingConstructorAccessorImpl.java:45)
2021-07-27 21:43:18 WARN  BeanFactory:39 - java.lang.reflect.Constructor.newInstance(Constructor.java:423)
2021-07-27 21:43:18 WARN  BeanFactory:39 - com.revature.factory.BeanFactory.get(BeanFactory.java:34)
2021-07-27 21:43:18 WARN  BeanFactory:39 - com.revature.Driver.main(Driver.java:19)
2021-07-27 21:43:18 ERROR BeanFactory:37 - Method threw exception: java.lang.reflect.InvocationTargetException
2021-07-27 21:43:18 WARN  BeanFactory:39 - sun.reflect.NativeConstructorAccessorImpl.newInstance0(Native Method)
2021-07-27 21:43:18 WARN  BeanFactory:39 - sun.reflect.NativeConstructorAccessorImpl.newInstance(NativeConstructorAccessorImpl.java:62)
2021-07-27 21:43:18 WARN  BeanFactory:39 - sun.reflect.DelegatingConstructorAccessorImpl.newInstance(DelegatingConstructorAccessorImpl.java:45)
2021-07-27 21:43:18 WARN  BeanFactory:39 - java.lang.reflect.Constructor.newInstance(Constructor.java:423)
2021-07-27 21:43:18 WARN  BeanFactory:39 - com.revature.factory.BeanFactory.get(BeanFactory.java:34)
2021-07-27 21:43:18 WARN  BeanFactory:39 - com.revature.Driver.main(Driver.java:19)
2021-07-27 21:46:38 ERROR BeanFactory:37 - Method threw exception: java.lang.reflect.InvocationTargetException
2021-07-27 21:46:38 WARN  BeanFactory:39 - sun.reflect.NativeConstructorAccessorImpl.newInstance0(Native Method)
2021-07-27 21:46:38 WARN  BeanFactory:39 - sun.reflect.NativeConstructorAccessorImpl.newInstance(NativeConstructorAccessorImpl.java:62)
2021-07-27 21:46:38 WARN  BeanFactory:39 - sun.reflect.DelegatingConstructorAccessorImpl.newInstance(DelegatingConstructorAccessorImpl.java:45)
2021-07-27 21:46:38 WARN  BeanFactory:39 - java.lang.reflect.Constructor.newInstance(Constructor.java:423)
2021-07-27 21:46:38 WARN  BeanFactory:39 - com.revature.factory.BeanFactory.get(BeanFactory.java:34)
2021-07-27 21:46:38 WARN  BeanFactory:39 - com.revature.controllers.UserControllerImpl.<init>(UserControllerImpl.java:19)
2021-07-27 21:46:38 WARN  BeanFactory:39 - sun.reflect.NativeConstructorAccessorImpl.newInstance0(Native Method)
2021-07-27 21:46:38 WARN  BeanFactory:39 - sun.reflect.NativeConstructorAccessorImpl.newInstance(NativeConstructorAccessorImpl.java:62)
2021-07-27 21:46:38 WARN  BeanFactory:39 - sun.reflect.DelegatingConstructorAccessorImpl.newInstance(DelegatingConstructorAccessorImpl.java:45)
2021-07-27 21:46:38 WARN  BeanFactory:39 - java.lang.reflect.Constructor.newInstance(Constructor.java:423)
2021-07-27 21:46:38 WARN  BeanFactory:39 - com.revature.factory.BeanFactory.get(BeanFactory.java:34)
2021-07-27 21:46:38 WARN  BeanFactory:39 - com.revature.Driver.main(Driver.java:19)
2021-07-27 21:46:38 ERROR BeanFactory:37 - Method threw exception: java.lang.reflect.InvocationTargetException
2021-07-27 21:46:38 WARN  BeanFactory:39 - sun.reflect.NativeConstructorAccessorImpl.newInstance0(Native Method)
2021-07-27 21:46:38 WARN  BeanFactory:39 - sun.reflect.NativeConstructorAccessorImpl.newInstance(NativeConstructorAccessorImpl.java:62)
2021-07-27 21:46:38 WARN  BeanFactory:39 - sun.reflect.DelegatingConstructorAccessorImpl.newInstance(DelegatingConstructorAccessorImpl.java:45)
2021-07-27 21:46:38 WARN  BeanFactory:39 - java.lang.reflect.Constructor.newInstance(Constructor.java:423)
2021-07-27 21:46:38 WARN  BeanFactory:39 - com.revature.factory.BeanFactory.get(BeanFactory.java:34)
2021-07-27 21:46:38 WARN  BeanFactory:39 - com.revature.Driver.main(Driver.java:19)
2021-07-28 09:30:14 ERROR BeanFactory:37 - Method threw exception: java.lang.reflect.InvocationTargetException
2021-07-28 09:30:14 WARN  BeanFactory:39 - sun.reflect.NativeConstructorAccessorImpl.newInstance0(Native Method)
2021-07-28 09:30:14 WARN  BeanFactory:39 - sun.reflect.NativeConstructorAccessorImpl.newInstance(NativeConstructorAccessorImpl.java:62)
2021-07-28 09:30:14 WARN  BeanFactory:39 - sun.reflect.DelegatingConstructorAccessorImpl.newInstance(DelegatingConstructorAccessorImpl.java:45)
2021-07-28 09:30:14 WARN  BeanFactory:39 - java.lang.reflect.Constructor.newInstance(Constructor.java:423)
2021-07-28 09:30:14 WARN  BeanFactory:39 - com.revature.factory.BeanFactory.get(BeanFactory.java:34)
2021-07-28 09:30:14 WARN  BeanFactory:39 - com.revature.controllers.UserControllerImpl.<init>(UserControllerImpl.java:19)
2021-07-28 09:30:14 WARN  BeanFactory:39 - sun.reflect.NativeConstructorAccessorImpl.newInstance0(Native Method)
2021-07-28 09:30:14 WARN  BeanFactory:39 - sun.reflect.NativeConstructorAccessorImpl.newInstance(NativeConstructorAccessorImpl.java:62)
2021-07-28 09:30:14 WARN  BeanFactory:39 - sun.reflect.DelegatingConstructorAccessorImpl.newInstance(DelegatingConstructorAccessorImpl.java:45)
2021-07-28 09:30:14 WARN  BeanFactory:39 - java.lang.reflect.Constructor.newInstance(Constructor.java:423)
2021-07-28 09:30:14 WARN  BeanFactory:39 - com.revature.factory.BeanFactory.get(BeanFactory.java:34)
2021-07-28 09:30:14 WARN  BeanFactory:39 - com.revature.Driver.main(Driver.java:19)
2021-07-28 09:30:14 ERROR BeanFactory:37 - Method threw exception: java.lang.reflect.InvocationTargetException
2021-07-28 09:30:14 WARN  BeanFactory:39 - sun.reflect.NativeConstructorAccessorImpl.newInstance0(Native Method)
2021-07-28 09:30:14 WARN  BeanFactory:39 - sun.reflect.NativeConstructorAccessorImpl.newInstance(NativeConstructorAccessorImpl.java:62)
2021-07-28 09:30:14 WARN  BeanFactory:39 - sun.reflect.DelegatingConstructorAccessorImpl.newInstance(DelegatingConstructorAccessorImpl.java:45)
2021-07-28 09:30:14 WARN  BeanFactory:39 - java.lang.reflect.Constructor.newInstance(Constructor.java:423)
2021-07-28 09:30:14 WARN  BeanFactory:39 - com.revature.factory.BeanFactory.get(BeanFactory.java:34)
2021-07-28 09:30:14 WARN  BeanFactory:39 - com.revature.Driver.main(Driver.java:19)
2021-07-28 10:07:29 ERROR BeanFactory:37 - Method threw exception: java.lang.reflect.InvocationTargetException
2021-07-28 10:07:29 WARN  BeanFactory:39 - sun.reflect.NativeConstructorAccessorImpl.newInstance0(Native Method)
2021-07-28 10:07:29 WARN  BeanFactory:39 - sun.reflect.NativeConstructorAccessorImpl.newInstance(NativeConstructorAccessorImpl.java:62)
2021-07-28 10:07:29 WARN  BeanFactory:39 - sun.reflect.DelegatingConstructorAccessorImpl.newInstance(DelegatingConstructorAccessorImpl.java:45)
2021-07-28 10:07:29 WARN  BeanFactory:39 - java.lang.reflect.Constructor.newInstance(Constructor.java:423)
2021-07-28 10:07:29 WARN  BeanFactory:39 - com.revature.factory.BeanFactory.get(BeanFactory.java:34)
2021-07-28 10:07:29 WARN  BeanFactory:39 - com.revature.controllers.UserControllerImpl.<init>(UserControllerImpl.java:19)
2021-07-28 10:07:29 WARN  BeanFactory:39 - sun.reflect.NativeConstructorAccessorImpl.newInstance0(Native Method)
2021-07-28 10:07:29 WARN  BeanFactory:39 - sun.reflect.NativeConstructorAccessorImpl.newInstance(NativeConstructorAccessorImpl.java:62)
2021-07-28 10:07:29 WARN  BeanFactory:39 - sun.reflect.DelegatingConstructorAccessorImpl.newInstance(DelegatingConstructorAccessorImpl.java:45)
2021-07-28 10:07:29 WARN  BeanFactory:39 - java.lang.reflect.Constructor.newInstance(Constructor.java:423)
2021-07-28 10:07:29 WARN  BeanFactory:39 - com.revature.factory.BeanFactory.get(BeanFactory.java:34)
2021-07-28 10:07:29 WARN  BeanFactory:39 - com.revature.Driver.main(Driver.java:21)
2021-07-28 10:07:29 ERROR BeanFactory:37 - Method threw exception: java.lang.reflect.InvocationTargetException
2021-07-28 10:07:29 WARN  BeanFactory:39 - sun.reflect.NativeConstructorAccessorImpl.newInstance0(Native Method)
2021-07-28 10:07:29 WARN  BeanFactory:39 - sun.reflect.NativeConstructorAccessorImpl.newInstance(NativeConstructorAccessorImpl.java:62)
2021-07-28 10:07:29 WARN  BeanFactory:39 - sun.reflect.DelegatingConstructorAccessorImpl.newInstance(DelegatingConstructorAccessorImpl.java:45)
2021-07-28 10:07:29 WARN  BeanFactory:39 - java.lang.reflect.Constructor.newInstance(Constructor.java:423)
2021-07-28 10:07:29 WARN  BeanFactory:39 - com.revature.factory.BeanFactory.get(BeanFactory.java:34)
2021-07-28 10:07:29 WARN  BeanFactory:39 - com.revature.Driver.main(Driver.java:21)
2021-07-28 11:05:11 ERROR BeanFactory:37 - Method threw exception: java.lang.reflect.InvocationTargetException
2021-07-28 11:05:11 WARN  BeanFactory:39 - sun.reflect.NativeConstructorAccessorImpl.newInstance0(Native Method)
2021-07-28 11:05:11 WARN  BeanFactory:39 - sun.reflect.NativeConstructorAccessorImpl.newInstance(NativeConstructorAccessorImpl.java:62)
2021-07-28 11:05:11 WARN  BeanFactory:39 - sun.reflect.DelegatingConstructorAccessorImpl.newInstance(DelegatingConstructorAccessorImpl.java:45)
2021-07-28 11:05:11 WARN  BeanFactory:39 - java.lang.reflect.Constructor.newInstance(Constructor.java:423)
2021-07-28 11:05:11 WARN  BeanFactory:39 - com.revature.factory.BeanFactory.get(BeanFactory.java:34)
2021-07-28 11:05:11 WARN  BeanFactory:39 - com.revature.controllers.UserControllerImpl.<init>(UserControllerImpl.java:19)
2021-07-28 11:05:11 WARN  BeanFactory:39 - sun.reflect.NativeConstructorAccessorImpl.newInstance0(Native Method)
2021-07-28 11:05:11 WARN  BeanFactory:39 - sun.reflect.NativeConstructorAccessorImpl.newInstance(NativeConstructorAccessorImpl.java:62)
2021-07-28 11:05:11 WARN  BeanFactory:39 - sun.reflect.DelegatingConstructorAccessorImpl.newInstance(DelegatingConstructorAccessorImpl.java:45)
2021-07-28 11:05:11 WARN  BeanFactory:39 - java.lang.reflect.Constructor.newInstance(Constructor.java:423)
2021-07-28 11:05:11 WARN  BeanFactory:39 - com.revature.factory.BeanFactory.get(BeanFactory.java:34)
2021-07-28 11:05:11 WARN  BeanFactory:39 - com.revature.Driver.main(Driver.java:21)
2021-07-28 11:05:11 ERROR BeanFactory:37 - Method threw exception: java.lang.reflect.InvocationTargetException
2021-07-28 11:05:11 WARN  BeanFactory:39 - sun.reflect.NativeConstructorAccessorImpl.newInstance0(Native Method)
2021-07-28 11:05:11 WARN  BeanFactory:39 - sun.reflect.NativeConstructorAccessorImpl.newInstance(NativeConstructorAccessorImpl.java:62)
2021-07-28 11:05:11 WARN  BeanFactory:39 - sun.reflect.DelegatingConstructorAccessorImpl.newInstance(DelegatingConstructorAccessorImpl.java:45)
2021-07-28 11:05:11 WARN  BeanFactory:39 - java.lang.reflect.Constructor.newInstance(Constructor.java:423)
2021-07-28 11:05:11 WARN  BeanFactory:39 - com.revature.factory.BeanFactory.get(BeanFactory.java:34)
2021-07-28 11:05:11 WARN  BeanFactory:39 - com.revature.Driver.main(Driver.java:21)
2021-07-28 12:50:24 TRACE Menu:28 - Start BankApp. start()
2021-07-28 12:50:24 TRACE Menu:100 - called startMenu()
2021-07-28 12:50:35 TRACE Menu:107 - Start menu returning selection: 1
2021-07-28 12:50:39 DEBUG Menu:35 - NIk
2021-07-28 12:50:39 WARN  Menu:39 - Unsuccessful login attempt: NIk
2021-07-28 12:50:39 TRACE Menu:100 - called startMenu()
2021-07-28 12:50:47 TRACE Menu:107 - Start menu returning selection: 1
2021-07-28 12:50:54 DEBUG Menu:35 - Nik
2021-07-28 12:50:59 DEBUG Menu:45 - password
2021-07-28 12:50:59 TRACE Menu:133 - called member()
2021-07-28 17:40:33 TRACE Menu:28 - Start BankApp. start()
2021-07-28 17:40:33 TRACE Menu:100 - called startMenu()
2021-07-28 17:40:37 TRACE Menu:107 - Start menu returning selection: 1
2021-07-28 17:40:45 DEBUG Menu:35 - richard
2021-07-28 17:40:49 DEBUG Menu:45 - password
2021-07-28 17:40:49 TRACE Menu:119 - called associate()
2021-07-28 17:40:57 TRACE Menu:128 - Banker menu returning selection: 2
2021-07-28 17:41:00 TRACE Menu:186 - Deposited 400 to balance
2021-07-28 17:41:00 TRACE Menu:119 - called associate()
2021-07-28 17:41:07 TRACE Menu:128 - Banker menu returning selection: 4
